<?xml version="1.0" encoding="UTF-8" ?>
<testsuite tests="1" failures="0" name="com.uniquelry.test.CustomerTest" time="5.039" errors="0" skipped="0">
  <properties>
    <property name="java.runtime.name" value="Java(TM) SE Runtime Environment"/>
    <property name="sun.boot.library.path" value="C:\Program Files\Java\jre1.8.0_151\bin"/>
    <property name="java.vm.version" value="25.151-b12"/>
    <property name="java.vm.vendor" value="Oracle Corporation"/>
    <property name="maven.multiModuleProjectDirectory" value="E:\workspace\ssh_parent\ssh_dao"/>
    <property name="java.vendor.url" value="http://java.oracle.com/"/>
    <property name="path.separator" value=";"/>
    <property name="guice.disable.misplaced.annotation.check" value="true"/>
    <property name="java.vm.name" value="Java HotSpot(TM) 64-Bit Server VM"/>
    <property name="file.encoding.pkg" value="sun.io"/>
    <property name="user.script" value=""/>
    <property name="user.country" value="CN"/>
    <property name="sun.java.launcher" value="SUN_STANDARD"/>
    <property name="sun.os.patch.level" value=""/>
    <property name="java.vm.specification.name" value="Java Virtual Machine Specification"/>
    <property name="user.dir" value="E:\workspace\ssh_parent\ssh_dao"/>
    <property name="java.runtime.version" value="1.8.0_151-b12"/>
    <property name="java.awt.graphicsenv" value="sun.awt.Win32GraphicsEnvironment"/>
    <property name="java.endorsed.dirs" value="C:\Program Files\Java\jre1.8.0_151\lib\endorsed"/>
    <property name="os.arch" value="amd64"/>
    <property name="java.io.tmpdir" value="C:\Users\PC_LRY\AppData\Local\Temp\"/>
    <property name="line.separator" value="
"/>
    <property name="java.vm.specification.vendor" value="Oracle Corporation"/>
    <property name="user.variant" value=""/>
    <property name="os.name" value="Windows 10"/>
    <property name="classworlds.conf" value="E:\workspace\.metadata\.plugins\org.eclipse.m2e.launching\launches\m2conf9154048654974248650.tmp"/>
    <property name="sun.jnu.encoding" value="GBK"/>
    <property name="java.library.path" value="C:\Program Files\Java\jre1.8.0_151\bin;C:\WINDOWS\Sun\Java\bin;C:\WINDOWS\system32;C:\WINDOWS;D:/Program Files/Java/jdk1.8.0_144/bin/../jre/bin/server;D:/Program Files/Java/jdk1.8.0_144/bin/../jre/bin;D:/Program Files/Java/jdk1.8.0_144/bin/../jre/lib/amd64;D:\app\oracle\product\11.2.0\dbhome_1\bin;D:\Program Files\Java\jdk1.8.0_144\bin;D:\Program Files\Java\jdk1.8.0_144\jre\bin;C:\ProgramData\Oracle\Java\javapath;C:\WINDOWS\system32;C:\WINDOWS;C:\WINDOWS\System32\Wbem;C:\WINDOWS\System32\WindowsPowerShell\v1.0\;C:\Program Files (x86)\NVIDIA Corporation\PhysX\Common;C:\Program Files\Intel\WiFi\bin\;C:\Program Files\Common Files\Intel\WirelessCommon\;C:\WINDOWS\system32;C:\WINDOWS;C:\WINDOWS\System32\Wbem;C:\WINDOWS\System32\WindowsPowerShell\v1.0\;D:\Program Files (x86)\Rational\common;D:\android\android-sdk-windows\tools;D:\android\android-sdk-windows\platform-tools;D:\ruanjian\MySQL\MySQLServer5.7.22\bin;D:\Program Files\Java\apache-maven-3.5.4\bin;d:\Program Files\Microsoft VS Code\bin;D:\Program Files\VisualSVN Server\bin;D:\Program Files\TortoiseSVN\bin;D:\Program Files\nodejs\;C:\WINDOWS\System32\OpenSSH\;D:\ruanjian\tomcat9.0.5\lib;D:\ruanjian\tomcat9.0.5\bin;d:\Users\PC_LRY\Anaconda3;d:\Users\PC_LRY\Anaconda3\Library\mingw-w64\bin;d:\Users\PC_LRY\Anaconda3\Library\usr\bin;d:\Users\PC_LRY\Anaconda3\Library\bin;d:\Users\PC_LRY\Anaconda3\Scripts;C:\Users\PC_LRY\AppData\Local\Microsoft\WindowsApps;C:\Program Files\Intel\WiFi\bin\;C:\Program Files\Common Files\Intel\WirelessCommon\;C:\Users\PC_LRY\AppData\Roaming\npm;;D:\ruanjian\eclipse;;."/>
    <property name="java.specification.name" value="Java Platform API Specification"/>
    <property name="java.class.version" value="52.0"/>
    <property name="sun.management.compiler" value="HotSpot 64-Bit Tiered Compilers"/>
    <property name="os.version" value="10.0"/>
    <property name="user.home" value="C:\Users\PC_LRY"/>
    <property name="user.timezone" value="Asia/Shanghai"/>
    <property name="java.awt.printerjob" value="sun.awt.windows.WPrinterJob"/>
    <property name="java.specification.version" value="1.8"/>
    <property name="file.encoding" value="UTF-8"/>
    <property name="user.name" value="PC_LRY"/>
    <property name="java.class.path" value="D:\Program Files\Java\apache-maven-3.5.4\boot\plexus-classworlds-2.5.2.jar"/>
    <property name="java.vm.specification.version" value="1.8"/>
    <property name="sun.arch.data.model" value="64"/>
    <property name="java.home" value="C:\Program Files\Java\jre1.8.0_151"/>
    <property name="sun.java.command" value="org.codehaus.plexus.classworlds.launcher.Launcher -B -s D:\Program Files\Java\apache-maven-3.5.4\conf\settings.xml deploy"/>
    <property name="java.specification.vendor" value="Oracle Corporation"/>
    <property name="user.language" value="zh"/>
    <property name="awt.toolkit" value="sun.awt.windows.WToolkit"/>
    <property name="java.vm.info" value="mixed mode"/>
    <property name="java.version" value="1.8.0_151"/>
    <property name="java.ext.dirs" value="C:\Program Files\Java\jre1.8.0_151\lib\ext;C:\WINDOWS\Sun\Java\lib\ext"/>
    <property name="sun.boot.class.path" value="C:\Program Files\Java\jre1.8.0_151\lib\resources.jar;C:\Program Files\Java\jre1.8.0_151\lib\rt.jar;C:\Program Files\Java\jre1.8.0_151\lib\sunrsasign.jar;C:\Program Files\Java\jre1.8.0_151\lib\jsse.jar;C:\Program Files\Java\jre1.8.0_151\lib\jce.jar;C:\Program Files\Java\jre1.8.0_151\lib\charsets.jar;C:\Program Files\Java\jre1.8.0_151\lib\jfr.jar;C:\Program Files\Java\jre1.8.0_151\classes"/>
    <property name="java.vendor" value="Oracle Corporation"/>
    <property name="maven.home" value="D:\Program Files\Java\apache-maven-3.5.4"/>
    <property name="file.separator" value="\"/>
    <property name="java.vendor.url.bug" value="http://bugreport.sun.com/bugreport/"/>
    <property name="sun.cpu.endian" value="little"/>
    <property name="sun.io.unicode.encoding" value="UnicodeLittle"/>
    <property name="sun.desktop" value="windows"/>
    <property name="sun.cpu.isalist" value="amd64"/>
  </properties>
  <testcase classname="com.uniquelry.test.CustomerTest" name="testFindAll" time="5.039"/>
</testsuite>